2018-10-04 20:17:58,019 [Worker-2] INFO  c.g.t.t.d.PublishedGradleVersions - Gradle version information cache is out-of-date. Trying to update.
2018-10-04 20:19:50,696 [Worker-2] INFO  c.g.t.t.d.PublishedGradleVersions - Gradle version information cache is up-to-date. Trying to read.
2018-10-04 20:21:39,602 [main] ERROR o.e.m2e.actions.ExecutePomAction - Skipping launch configuration Spring
org.eclipse.core.runtime.CoreException: Variable references non-existent resource : ${project_loc:Spring}
	at org.eclipse.debug.internal.core.variables.ResourceResolver.abort(ResourceResolver.java:112) ~[org.eclipse.debug.core_3.10.100.v20160419-1720.jar:na]
	at org.eclipse.debug.internal.core.variables.ResourceResolver.resolveValue(ResourceResolver.java:58) ~[org.eclipse.debug.core_3.10.100.v20160419-1720.jar:na]
	at org.eclipse.core.internal.variables.DynamicVariable.getValue(DynamicVariable.java:56) ~[org.eclipse.core.variables_3.3.0.v20160419-1720.jar:na]
	at org.eclipse.core.internal.variables.StringSubstitutionEngine.resolve(StringSubstitutionEngine.java:269) ~[org.eclipse.core.variables_3.3.0.v20160419-1720.jar:na]
	at org.eclipse.core.internal.variables.StringSubstitutionEngine.substitute(StringSubstitutionEngine.java:192) ~[org.eclipse.core.variables_3.3.0.v20160419-1720.jar:na]
	at org.eclipse.core.internal.variables.StringSubstitutionEngine.performStringSubstitution(StringSubstitutionEngine.java:87) ~[org.eclipse.core.variables_3.3.0.v20160419-1720.jar:na]
	at org.eclipse.core.internal.variables.StringVariableManager.performStringSubstitution(StringVariableManager.java:591) ~[org.eclipse.core.variables_3.3.0.v20160419-1720.jar:na]
	at org.eclipse.core.internal.variables.StringVariableManager.performStringSubstitution(StringVariableManager.java:357) ~[org.eclipse.core.variables_3.3.0.v20160419-1720.jar:na]
	at org.eclipse.m2e.internal.launch.LaunchingUtils.substituteVar(LaunchingUtils.java:28) ~[org.eclipse.m2e.launching_1.7.0.20160603-1933.jar:na]
	at org.eclipse.m2e.actions.ExecutePomAction.getLaunchConfiguration(ExecutePomAction.java:289) [org.eclipse.m2e.launching_1.7.0.20160603-1933.jar:na]
	at org.eclipse.m2e.actions.ExecutePomAction.launch(ExecutePomAction.java:138) [org.eclipse.m2e.launching_1.7.0.20160603-1933.jar:na]
	at org.eclipse.m2e.actions.ExecutePomAction.launch(ExecutePomAction.java:127) [org.eclipse.m2e.launching_1.7.0.20160603-1933.jar:na]
	at org.eclipse.debug.internal.ui.launchConfigurations.LaunchShortcutExtension.launch(LaunchShortcutExtension.java:431) [org.eclipse.debug.ui_3.11.202.v20161114-0338.jar:na]
	at org.eclipse.debug.internal.ui.actions.LaunchShortcutAction.runInternal(LaunchShortcutAction.java:85) [org.eclipse.debug.ui_3.11.202.v20161114-0338.jar:na]
	at org.eclipse.debug.internal.ui.actions.LaunchShortcutAction.runWithEvent(LaunchShortcutAction.java:135) [org.eclipse.debug.ui_3.11.202.v20161114-0338.jar:na]
	at org.eclipse.jface.action.ActionContributionItem.handleWidgetSelection(ActionContributionItem.java:565) [org.eclipse.jface_3.12.2.v20170113-2113.jar:na]
	at org.eclipse.jface.action.ActionContributionItem.lambda$4(ActionContributionItem.java:397) [org.eclipse.jface_3.12.2.v20170113-2113.jar:na]
	at org.eclipse.swt.widgets.EventTable.sendEvent(EventTable.java:84) ~[org.eclipse.swt.cocoa.macosx.x86_64_3.105.3.v20170228-0512.jar:na]
	at org.eclipse.swt.widgets.Display.sendEvent(Display.java:4256) ~[org.eclipse.swt.cocoa.macosx.x86_64_3.105.3.v20170228-0512.jar:na]
	at org.eclipse.swt.widgets.Widget.sendEvent(Widget.java:1501) ~[org.eclipse.swt.cocoa.macosx.x86_64_3.105.3.v20170228-0512.jar:na]
	at org.eclipse.swt.widgets.Widget.sendEvent(Widget.java:1524) ~[org.eclipse.swt.cocoa.macosx.x86_64_3.105.3.v20170228-0512.jar:na]
	at org.eclipse.swt.widgets.Widget.sendEvent(Widget.java:1509) ~[org.eclipse.swt.cocoa.macosx.x86_64_3.105.3.v20170228-0512.jar:na]
	at org.eclipse.swt.widgets.Widget.notifyListeners(Widget.java:1313) ~[org.eclipse.swt.cocoa.macosx.x86_64_3.105.3.v20170228-0512.jar:na]
	at org.eclipse.jface.action.ActionContributionItem.lambda$8(ActionContributionItem.java:1258) [org.eclipse.jface_3.12.2.v20170113-2113.jar:na]
	at org.eclipse.swt.widgets.EventTable.sendEvent(EventTable.java:84) ~[org.eclipse.swt.cocoa.macosx.x86_64_3.105.3.v20170228-0512.jar:na]
	at org.eclipse.swt.widgets.Display.sendEvent(Display.java:4256) ~[org.eclipse.swt.cocoa.macosx.x86_64_3.105.3.v20170228-0512.jar:na]
	at org.eclipse.swt.widgets.Widget.sendEvent(Widget.java:1501) ~[org.eclipse.swt.cocoa.macosx.x86_64_3.105.3.v20170228-0512.jar:na]
	at org.eclipse.swt.widgets.Widget.sendEvent(Widget.java:1524) ~[org.eclipse.swt.cocoa.macosx.x86_64_3.105.3.v20170228-0512.jar:na]
	at org.eclipse.swt.widgets.Widget.sendEvent(Widget.java:1509) ~[org.eclipse.swt.cocoa.macosx.x86_64_3.105.3.v20170228-0512.jar:na]
	at org.eclipse.swt.widgets.Widget.notifyListeners(Widget.java:1313) ~[org.eclipse.swt.cocoa.macosx.x86_64_3.105.3.v20170228-0512.jar:na]
	at org.eclipse.swt.widgets.Display.runDeferredEvents(Display.java:4080) ~[org.eclipse.swt.cocoa.macosx.x86_64_3.105.3.v20170228-0512.jar:na]
	at org.eclipse.swt.widgets.Display.readAndDispatch(Display.java:3706) ~[org.eclipse.swt.cocoa.macosx.x86_64_3.105.3.v20170228-0512.jar:na]
	at org.eclipse.e4.ui.internal.workbench.swt.PartRenderingEngine$4.run(PartRenderingEngine.java:1121) ~[na:na]
	at org.eclipse.core.databinding.observable.Realm.runWithDefault(Realm.java:336) ~[na:na]
	at org.eclipse.e4.ui.internal.workbench.swt.PartRenderingEngine.run(PartRenderingEngine.java:1022) ~[na:na]
	at org.eclipse.e4.ui.internal.workbench.E4Workbench.createAndRunUI(E4Workbench.java:150) ~[na:na]
	at org.eclipse.ui.internal.Workbench$5.run(Workbench.java:693) ~[na:na]
	at org.eclipse.core.databinding.observable.Realm.runWithDefault(Realm.java:336) ~[na:na]
	at org.eclipse.ui.internal.Workbench.createAndRunWorkbench(Workbench.java:610) ~[na:na]
	at org.eclipse.ui.PlatformUI.createAndRunWorkbench(PlatformUI.java:148) ~[na:na]
	at org.eclipse.ui.internal.ide.application.IDEApplication.start(IDEApplication.java:138) ~[na:na]
	at org.eclipse.equinox.internal.app.EclipseAppHandle.run(EclipseAppHandle.java:196) ~[org.eclipse.equinox.app_1.3.400.v20150715-1528.jar:na]
	at org.eclipse.core.runtime.internal.adaptor.EclipseAppLauncher.runApplication(EclipseAppLauncher.java:134) ~[org.eclipse.osgi_3.11.3.v20170209-1843.jar:na]
	at org.eclipse.core.runtime.internal.adaptor.EclipseAppLauncher.start(EclipseAppLauncher.java:104) ~[org.eclipse.osgi_3.11.3.v20170209-1843.jar:na]
	at org.eclipse.core.runtime.adaptor.EclipseStarter.run(EclipseStarter.java:388) ~[org.eclipse.osgi_3.11.3.v20170209-1843.jar:na]
	at org.eclipse.core.runtime.adaptor.EclipseStarter.run(EclipseStarter.java:243) ~[org.eclipse.osgi_3.11.3.v20170209-1843.jar:na]
	at sun.reflect.NativeMethodAccessorImpl.invoke0(Native Method) ~[na:1.8.0_111]
	at sun.reflect.NativeMethodAccessorImpl.invoke(NativeMethodAccessorImpl.java:62) ~[na:1.8.0_111]
	at sun.reflect.DelegatingMethodAccessorImpl.invoke(DelegatingMethodAccessorImpl.java:43) ~[na:1.8.0_111]
	at java.lang.reflect.Method.invoke(Method.java:498) ~[na:1.8.0_111]
	at org.eclipse.equinox.launcher.Main.invokeFramework(Main.java:673) ~[org.eclipse.equinox.launcher_1.3.201.v20161025-1711.jar:na]
	at org.eclipse.equinox.launcher.Main.basicRun(Main.java:610) ~[org.eclipse.equinox.launcher_1.3.201.v20161025-1711.jar:na]
	at org.eclipse.equinox.launcher.Main.run(Main.java:1519) ~[org.eclipse.equinox.launcher_1.3.201.v20161025-1711.jar:na]
2018-10-04 20:21:39,627 [main] INFO  o.e.m2e.actions.ExecutePomAction - Creating new launch configuration
2018-10-04 20:21:50,029 [Worker-12] INFO  o.e.m.i.launch.MavenLaunchDelegate - /Users/MatthewMartin/Documents/School Documents/Fall_2018/COMS309/PP_1/Backend/src
2018-10-04 20:21:50,030 [Worker-12] INFO  o.e.m.i.launch.MavenLaunchDelegate -  mvn -B package
2018-10-04 20:31:29,927 [Worker-3] INFO  o.e.m.c.i.l.LifecycleMappingFactory - Using org.eclipse.m2e.jdt.JarLifecycleMapping lifecycle mapping for MavenProject: com.example:spring-boot:0.0.1-SNAPSHOT @ /Users/MatthewMartin/Documents/School Documents/Fall_2018/COMS309/PP_1/Backend/src/spring-boot/pom.xml.
2018-10-04 20:31:30,490 [Worker-3] INFO  o.e.m.j.i.AbstractJavaProjectConfigurator - Adding source folder /spring-boot/src/main/java
2018-10-04 20:31:30,491 [Worker-3] INFO  o.e.m.j.i.AbstractJavaProjectConfigurator - Adding resource folder /spring-boot/src/main/resources
2018-10-04 20:31:30,493 [Worker-3] INFO  o.e.m.j.i.AbstractJavaProjectConfigurator - Adding resource folder /spring-boot/src/main/resources
2018-10-04 20:31:30,496 [Worker-3] INFO  o.e.m.j.i.AbstractJavaProjectConfigurator - Adding source folder /spring-boot/src/test/java
2018-10-04 20:31:30,727 [Worker-3] INFO  o.e.m.c.i.p.ProjectConfigurationManager - Imported and configured 1 project(s) in 1 sec
2018-10-04 20:31:32,390 [Worker-5] INFO  o.e.m.c.i.embedder.EclipseLogger - Using 'UTF-8' encoding to copy filtered resources.
2018-10-04 20:31:32,395 [Worker-5] INFO  o.e.m.c.i.embedder.EclipseLogger - Copying 1 resource
2018-10-04 20:31:32,411 [Worker-5] INFO  o.e.m.c.i.embedder.EclipseLogger - Copying 0 resource
2018-10-04 20:31:32,414 [Worker-5] INFO  o.e.m.c.i.embedder.EclipseLogger - Using 'UTF-8' encoding to copy filtered resources.
2018-10-04 20:31:32,414 [Worker-5] INFO  o.e.m.c.i.embedder.EclipseLogger - skip non existing resourceDirectory /Users/MatthewMartin/Documents/School Documents/Fall_2018/COMS309/PP_1/Backend/src/spring-boot/src/test/resources
